Installing path.py development version...
Looking in indexes: https://pypi.python.org/simple
Collecting path.py
  Cloning https://github.com/jaraco/path.py (to revision main) to /tmp/pip-install-rl9_l7vu/path-py_59c32560b6184a3c9b2361b4910aec11
  Running command git clone --filter=blob:none --quiet https://github.com/jaraco/path.py /tmp/pip-install-rl9_l7vu/path-py_59c32560b6184a3c9b2361b4910aec11
  Resolved https://github.com/jaraco/path.py to commit efa71fcb34e5a9d34b34474326af67d082ad9b4a
  Installing build dependencies: started
  Installing build dependencies: finished with status 'done'
  Getting requirements to build wheel: started
  Getting requirements to build wheel: finished with status 'done'
  Installing backend dependencies: started
  Installing backend dependencies: finished with status 'done'
  Preparing metadata (pyproject.toml): started
  Preparing metadata (pyproject.toml): finished with status 'done'
  WARNING: Generating metadata for package path.py produced metadata for project name unknown. Fix your #egg=path.py fragments.
Discarding git+https://github.com/jaraco/path.py@main#egg=path.py: Requested unknown from git+https://github.com/jaraco/path.py@main#egg=path.py has inconsistent name: filename has 'path-py', but metadata has 'unknown'
ERROR: Could not find a version that satisfies the requirement path-py (unavailable) (from versions: 2.2.2, 2.3, 2.4, 2.4.1, 2.5, 2.6, 2.6.1, 3.0, 3.0.1, 3.1, 3.2, 4.0, 4.1, 4.2, 4.3, 4.4, 5.0, 5.1, 5.2, 5.3, 6.0, 6.1, 6.2, 7.0, 7.1, 7.2, 7.3, 7.4, 7.5, 7.6, 7.6.1, 7.6.2, 7.7, 7.7.1, 8.1, 8.1.1, 8.1.2, 8.2, 8.2.1, 8.3, 9.0, 9.0.1, 9.1, 10.0, 10.1, 10.2, 10.3, 10.3.1, 10.4, 10.5, 10.6, 11.0, 11.0.1, 11.1.0, 11.2.0, 11.3.0, 11.4.0, 11.4.1, 11.5.0, 11.5.1, 11.5.2, 12.0, 12.0.1, 12.0.2, 12.1.0, 12.2.0, 12.3.0, 12.4.0, 12.5.0)
ERROR: No matching distribution found for path-py (unavailable)
Installation failed. Check the log file for errors.
Installing path.py development version...
Looking in indexes: https://pypi.python.org/simple
Collecting git+https://github.com/jaraco/path.py@main
  Cloning https://github.com/jaraco/path.py (to revision main) to /tmp/pip-req-build-zy09bj5d
  Running command git clone --filter=blob:none --quiet https://github.com/jaraco/path.py /tmp/pip-req-build-zy09bj5d
  Resolved https://github.com/jaraco/path.py to commit efa71fcb34e5a9d34b34474326af67d082ad9b4a
  Installing build dependencies: started
  Installing build dependencies: finished with status 'done'
  Getting requirements to build wheel: started
  Getting requirements to build wheel: finished with status 'done'
  Installing backend dependencies: started
  Installing backend dependencies: finished with status 'done'
  Preparing metadata (pyproject.toml): started
  Preparing metadata (pyproject.toml): finished with status 'done'
Building wheels for collected packages: UNKNOWN
  Building wheel for UNKNOWN (pyproject.toml): started
  Building wheel for UNKNOWN (pyproject.toml): finished with status 'done'
  Created wheel for UNKNOWN: filename=UNKNOWN-17.1.1.dev1+gefa71fc-py3-none-any.whl size=1932 sha256=d3e9c3e292a070dc95eaf3ecebea6d33442bd8352e91fadd8db5fc8be862ad3b
  Stored in directory: /tmp/pip-ephem-wheel-cache-4blikmok/wheels/34/11/92/be73a78cadc1fe04d26e1f3f283791e41be1c7649cacce215d
Successfully built UNKNOWN
Installing collected packages: UNKNOWN
Successfully installed UNKNOWN-17.1.1.dev1+gefa71fc
path.py installed successfully.
Removing existing local_lib folder...
Installing path.py development version...
./my_script.sh: line 19: python: command not found
Installation failed. Check the log file for errors.
Removing existing local_lib folder...
Installing path.py development version...
Looking in indexes: https://pypi.python.org/simple
Collecting git+https://github.com/jaraco/path.git
  Cloning https://github.com/jaraco/path.git to /tmp/pip-req-build-dpvxkk1d
  Running command git clone --filter=blob:none --quiet https://github.com/jaraco/path.git /tmp/pip-req-build-dpvxkk1d
  Resolved https://github.com/jaraco/path.git to commit efa71fcb34e5a9d34b34474326af67d082ad9b4a
  Installing build dependencies: started
  Installing build dependencies: finished with status 'done'
  Getting requirements to build wheel: started
  Getting requirements to build wheel: finished with status 'done'
  Installing backend dependencies: started
  Installing backend dependencies: finished with status 'done'
  Preparing metadata (pyproject.toml): started
  Preparing metadata (pyproject.toml): finished with status 'done'
Building wheels for collected packages: UNKNOWN
  Building wheel for UNKNOWN (pyproject.toml): started
  Building wheel for UNKNOWN (pyproject.toml): finished with status 'done'
  Created wheel for UNKNOWN: filename=UNKNOWN-17.1.1.dev1+gefa71fc-py3-none-any.whl size=1932 sha256=840f07a87f78b4d3a1d9afa481a492185bde18225cee8b1c3e37ce34f498796b
  Stored in directory: /tmp/pip-ephem-wheel-cache-0djnykiz/wheels/05/97/77/84a6ccf4f5f41dfcbbeb29075fa06cf285990f754500f88e62
Successfully built UNKNOWN
Installing collected packages: UNKNOWN
Successfully installed UNKNOWN-17.1.1.dev1+gefa71fc
path.py installed successfully.
Removing existing local_lib folder...
Installing path.py development version...
Looking in indexes: https://pypi.python.org/simple
Collecting git+https://github.com/jaraco/path.git
  Cloning https://github.com/jaraco/path.git to /tmp/pip-req-build-ka8qjal0
  Running command git clone --filter=blob:none --quiet https://github.com/jaraco/path.git /tmp/pip-req-build-ka8qjal0
  Resolved https://github.com/jaraco/path.git to commit efa71fcb34e5a9d34b34474326af67d082ad9b4a
  Installing build dependencies: started
  Installing build dependencies: finished with status 'done'
  Getting requirements to build wheel: started
  Getting requirements to build wheel: finished with status 'done'
  Installing backend dependencies: started
  Installing backend dependencies: finished with status 'done'
  Preparing metadata (pyproject.toml): started
  Preparing metadata (pyproject.toml): finished with status 'done'
Building wheels for collected packages: UNKNOWN
  Building wheel for UNKNOWN (pyproject.toml): started
  Building wheel for UNKNOWN (pyproject.toml): finished with status 'done'
  Created wheel for UNKNOWN: filename=UNKNOWN-17.1.1.dev1+gefa71fc-py3-none-any.whl size=1932 sha256=81408d7194d31ea2e5158f93db5427388fcc7d9017c55deadafc713d2f31b941
  Stored in directory: /tmp/pip-ephem-wheel-cache-i6e7wyn1/wheels/05/97/77/84a6ccf4f5f41dfcbbeb29075fa06cf285990f754500f88e62
Successfully built UNKNOWN
Installing collected packages: UNKNOWN
Successfully installed UNKNOWN-17.1.1.dev1+gefa71fc
path.py installed successfully.
Removing existing local_lib folder...
Installing path.py development version...
Looking in indexes: https://pypi.python.org/simple
Collecting git+https://github.com/jaraco/path.git
  Cloning https://github.com/jaraco/path.git to /tmp/pip-req-build-6q1szva3
  Running command git clone --filter=blob:none --quiet https://github.com/jaraco/path.git /tmp/pip-req-build-6q1szva3
  Resolved https://github.com/jaraco/path.git to commit efa71fcb34e5a9d34b34474326af67d082ad9b4a
  Installing build dependencies: started
  Installing build dependencies: finished with status 'done'
  Getting requirements to build wheel: started
  Getting requirements to build wheel: finished with status 'done'
  Installing backend dependencies: started
  Installing backend dependencies: finished with status 'done'
  Preparing metadata (pyproject.toml): started
  Preparing metadata (pyproject.toml): finished with status 'done'
Building wheels for collected packages: UNKNOWN
  Building wheel for UNKNOWN (pyproject.toml): started
  Building wheel for UNKNOWN (pyproject.toml): finished with status 'done'
  Created wheel for UNKNOWN: filename=UNKNOWN-17.1.1.dev1+gefa71fc-py3-none-any.whl size=1932 sha256=e6f8bb2bca33af27b2e88668f337f23eb41debcb2c88988551b03b9ec2b16e11
  Stored in directory: /tmp/pip-ephem-wheel-cache-sbvtivrl/wheels/05/97/77/84a6ccf4f5f41dfcbbeb29075fa06cf285990f754500f88e62
Successfully built UNKNOWN
Installing collected packages: UNKNOWN
Successfully installed UNKNOWN-17.1.1.dev1+gefa71fc
path.py installed successfully.
